g:\visual studio workspace\projects\cs 256 assignment 3\cs 256 assignment 3\debug\vc120.pdb
g:\visual studio workspace\projects\cs 256 assignment 3\cs 256 assignment 3\debug\test.obj
g:\visual studio workspace\projects\cs 256 assignment 3\cs 256 assignment 3\debug\postfixeval.obj
g:\visual studio workspace\projects\cs 256 assignment 3\cs 256 assignment 3\debug\mainwindow.obj
g:\visual studio workspace\projects\cs 256 assignment 3\cs 256 assignment 3\debug\.netframework,version=v4.5.assemblyattributes.obj
g:\visual studio workspace\projects\cs 256 assignment 3\cs 256 assignment 3\debug\cs256assignment3.mainwindow.resources
g:\visual studio workspace\projects\cs 256 assignment 3\debug\cs 256 assignment 3.exe
g:\visual studio workspace\projects\cs 256 assignment 3\debug\cs 256 assignment 3.pdb
g:\visual studio workspace\projects\cs 256 assignment 3\cs 256 assignment 3\debug\cs 256 assignment 3.vcxproj.generateresource.cache
g:\visual studio workspace\projects\cs 256 assignment 3\cs 256 assignment 3\debug\cs 256 assignment 3.vcxprojresolveassemblyreference.cache
g:\visual studio workspace\projects\cs 256 assignment 3\cs 256 assignment 3\debug\cs 256 a.9c9151e2.tlog\cl.command.1.tlog
g:\visual studio workspace\projects\cs 256 assignment 3\cs 256 assignment 3\debug\cs 256 a.9c9151e2.tlog\cl.read.1.tlog
g:\visual studio workspace\projects\cs 256 assignment 3\cs 256 assignment 3\debug\cs 256 a.9c9151e2.tlog\cl.write.1.tlog
g:\visual studio workspace\projects\cs 256 assignment 3\cs 256 assignment 3\debug\cs 256 a.9c9151e2.tlog\cs 256 assignment 3.write.1u.tlog
g:\visual studio workspace\projects\cs 256 assignment 3\cs 256 assignment 3\debug\cs 256 a.9c9151e2.tlog\link.command.1.tlog
g:\visual studio workspace\projects\cs 256 assignment 3\cs 256 assignment 3\debug\cs 256 a.9c9151e2.tlog\link.read.1.tlog
g:\visual studio workspace\projects\cs 256 assignment 3\cs 256 assignment 3\debug\cs 256 a.9c9151e2.tlog\link.write.1.tlog
g:\visual studio workspace\projects\cs 256 assignment 3\cs 256 assignment 3\debug\cs 256 a.9c9151e2.tlog\metagen.read.1.tlog
g:\visual studio workspace\projects\cs 256 assignment 3\cs 256 assignment 3\debug\cs 256 a.9c9151e2.tlog\metagen.write.1.tlog
g:\visual studio workspace\projects\cs 256 assignment 3\cs 256 assignment 3\debug\cs 256 a.9c9151e2.tlog\tzres.dll.bi
